<?xml version="1.0" encoding="UTF-8"?>
<testng-results skipped="0" failed="0" ignored="0" total="2" passed="2">
  <reporter-output>
  </reporter-output>
  <suite name="Default suite" duration-ms="44903" started-at="2021-03-31T13:41:21Z" finished-at="2021-03-31T13:42:06Z">
    <groups>
    </groups>
    <test name="Default test" duration-ms="44903" started-at="2021-03-31T13:41:21Z" finished-at="2021-03-31T13:42:06Z">
      <class name="org.main.ProgrmClass">
        <test-method status="PASS" signature="start()[pri:0, instance:org.main.ProgrmClass@3ffc5af1]" name="start" is-config="true" duration-ms="4466" started-at="2021-03-31T13:41:21Z" finished-at="2021-03-31T13:41:26Z">
          <reporter-output>
          </reporter-output>
        </test-method> <!-- start -->
        <test-method status="PASS" signature="bfrTc()[pri:0, instance:org.main.ProgrmClass@3ffc5af1]" name="bfrTc" is-config="true" duration-ms="19192" started-at="2021-03-31T13:41:26Z" finished-at="2021-03-31T13:41:45Z">
          <reporter-output>
          </reporter-output>
        </test-method> <!-- bfrTc -->
        <test-method status="PASS" signature="tc_01()[pri:0, instance:org.main.ProgrmClass@3ffc5af1]" name="tc_01" duration-ms="4469" started-at="2021-03-31T13:41:45Z" finished-at="2021-03-31T13:41:49Z">
          <reporter-output>
          </reporter-output>
        </test-method> <!-- tc_01 -->
        <test-method status="PASS" signature="aftTc()[pri:0, instance:org.main.ProgrmClass@3ffc5af1]" name="aftTc" is-config="true" duration-ms="1390" started-at="2021-03-31T13:41:49Z" finished-at="2021-03-31T13:41:51Z">
          <reporter-output>
          </reporter-output>
        </test-method> <!-- aftTc -->
        <test-method status="PASS" signature="bfrTc()[pri:0, instance:org.main.ProgrmClass@3ffc5af1]" name="bfrTc" is-config="true" duration-ms="9794" started-at="2021-03-31T13:41:51Z" finished-at="2021-03-31T13:42:00Z">
          <reporter-output>
          </reporter-output>
        </test-method> <!-- bfrTc -->
        <test-method status="PASS" signature="tc_02()[pri:0, instance:org.main.ProgrmClass@3ffc5af1]" name="tc_02" duration-ms="4645" started-at="2021-03-31T13:42:00Z" finished-at="2021-03-31T13:42:05Z">
          <reporter-output>
          </reporter-output>
        </test-method> <!-- tc_02 -->
        <test-method status="PASS" signature="aftTc()[pri:0, instance:org.main.ProgrmClass@3ffc5af1]" name="aftTc" is-config="true" duration-ms="907" started-at="2021-03-31T13:42:05Z" finished-at="2021-03-31T13:42:06Z">
          <reporter-output>
          </reporter-output>
        </test-method> <!-- aftTc -->
        <test-method status="PASS" signature="end()[pri:0, instance:org.main.ProgrmClass@3ffc5af1]" name="end" is-config="true" duration-ms="0" started-at="2021-03-31T13:42:06Z" finished-at="2021-03-31T13:42:06Z">
          <reporter-output>
          </reporter-output>
        </test-method> <!-- end -->
      </class> <!-- org.main.ProgrmClass -->
    </test> <!-- Default test -->
  </suite> <!-- Default suite -->
</testng-results>
